{
  "0 debug pnpm:scope": {
    "selected": 1
  },
  "1 debug pnpm:package-manifest": {
    "initial": {
      "name": "settingstest",
      "version": "0.0.1",
      "private": true,
      "license": "UNLICENSED",
      "scripts": {
        "build": "fitbit-build",
        "debug": "fitbit"
      },
      "devDependencies": {
        "@fitbit/sdk": "~5.0.2",
        "@fitbit/sdk-cli": "^1.7.3",
        "fitbit-sdk-types": "^6.0.1"
      },
      "fitbit": {
        "appUUID": "f100f76b-0a9e-488f-ba35-d1a8531a2d4b",
        "appType": "clockface",
        "appDisplayName": "settingsTest",
        "iconFile": "resources/icon.png",
        "wipeColor": "#8bc34a",
        "requestedPermissions": [],
        "buildTargets": [
          "atlas",
          "vulcan"
        ],
        "i18n": {
          "de-DE": {
            "name": "settingsTest"
          },
          "en-US": {
            "name": "settingsTest"
          },
          "es-ES": {
            "name": "settingsTest"
          },
          "fr-FR": {
            "name": "settingsTest"
          },
          "it-IT": {
            "name": "settingsTest"
          },
          "ja-JP": {
            "name": "settingsTest"
          },
          "ko-KR": {
            "name": "settingsTest"
          },
          "nl-NL": {
            "name": "settingsTest"
          },
          "sv-SE": {
            "name": "settingsTest"
          },
          "zh-CN": {
            "name": "settingsTest"
          },
          "zh-TW": {
            "name": "settingsTest"
          }
        },
        "defaultLanguage": "en-US"
      },
      "dependencies": {
        "babel-cli": "^6.26.0",
        "bin": "^0.0.0",
        "pnpm": "^6.15.1"
      }
    },
    "prefix": "/Users/barbara/fitbit21/settingsTest"
  },
  "2 debug pnpm:context": {
    "currentLockfileExists": false,
    "storeDir": "/Users/barbara/.pnpm-store/v3",
    "virtualStoreDir": "/Users/barbara/fitbit21/settingsTest/node_modules/.pnpm"
  },
  "3 debug pnpm:stage": {
    "prefix": "/Users/barbara/fitbit21/settingsTest",
    "stage": "resolution_started"
  },
  "4 debug pnpm:_dependency_resolved": {
    "resolution": "registry.npmjs.org/@fitbit/sdk/5.0.2",
    "wanted": {
      "dependentId": ".",
      "name": "@fitbit/sdk",
      "rawSpec": "~5.0.2"
    }
  },
  "5 debug pnpm:_dependency_resolved": {
    "resolution": "registry.npmjs.org/@fitbit/sdk-cli/1.7.3",
    "wanted": {
      "dependentId": ".",
      "name": "@fitbit/sdk-cli",
      "rawSpec": "^1.7.3"
    }
  },
  "6 debug pnpm:_dependency_resolved": {
    "resolution": "registry.npmjs.org/fitbit-sdk-types/6.0.3",
    "wanted": {
      "dependentId": ".",
      "name": "fitbit-sdk-types",
      "rawSpec": "^6.0.1"
    }
  },
  "7 debug pnpm:_dependency_resolved": {
    "resolution": "registry.npmjs.org/babel-cli/6.26.0",
    "wanted": {
      "dependentId": ".",
      "name": "babel-cli",
      "rawSpec": "^6.26.0"
    }
  },
  "8 debug pnpm:_dependency_resolved": {
    "resolution": "registry.npmjs.org/bin/0.0.0",
    "wanted": {
      "dependentId": ".",
      "name": "bin",
      "rawSpec": "^0.0.0"
    }
  },
  "9 debug pnpm:_dependency_resolved": {
    "resolution": "registry.npmjs.org/pnpm/6.15.1",
    "wanted": {
      "dependentId": ".",
      "name": "pnpm",
      "rawSpec": "^6.15.1"
    }
  },
  "10 debug pnpm:progress": {
    "packageId": "registry.npmjs.org/@fitbit/sdk-cli/1.7.3",
    "requester": "/Users/barbara/fitbit21/settingsTest",
    "status": "resolved"
  },
  "11 debug pnpm:progress": {
    "packageId": "registry.npmjs.org/@fitbit/sdk-cli/1.7.3",
    "requester": "/Users/barbara/fitbit21/settingsTest",
    "status": "found_in_store"
  },
  "12 debug pnpm:progress": {
    "packageId": "registry.npmjs.org/pnpm/6.15.1",
    "requester": "/Users/barbara/fitbit21/settingsTest",
    "status": "resolved"
  },
  "13 debug pnpm:progress": {
    "packageId": "registry.npmjs.org/pnpm/6.15.1",
    "requester": "/Users/barbara/fitbit21/settingsTest",
    "status": "found_in_store"
  },
  "14 debug pnpm:fetching-progress": {
    "attempt": 1,
    "packageId": "registry.npmjs.org/fitbit-sdk-types/6.0.3",
    "size": 17312,
    "status": "started"
  },
  "15 debug pnpm:progress": {
    "packageId": "registry.npmjs.org/fitbit-sdk-types/6.0.3",
    "requester": "/Users/barbara/fitbit21/settingsTest",
    "status": "resolved"
  },
  "16 debug pnpm:progress": {
    "packageId": "registry.npmjs.org/fitbit-sdk-types/6.0.3",
    "requester": "/Users/barbara/fitbit21/settingsTest",
    "status": "fetched"
  },
  "17 debug pnpm:fetching-progress": {
    "attempt": 1,
    "packageId": "registry.npmjs.org/bin/0.0.0",
    "size": 303,
    "status": "started"
  },
  "18 debug pnpm:progress": {
    "packageId": "registry.npmjs.org/bin/0.0.0",
    "requester": "/Users/barbara/fitbit21/settingsTest",
    "status": "resolved"
  },
  "19 debug pnpm:progress": {
    "packageId": "registry.npmjs.org/bin/0.0.0",
    "requester": "/Users/barbara/fitbit21/settingsTest",
    "status": "fetched"
  },
  "20 debug pnpm:fetching-progress": {
    "attempt": 1,
    "packageId": "registry.npmjs.org/babel-cli/6.26.0",
    "size": 8633,
    "status": "started"
  },
  "21 debug pnpm:progress": {
    "packageId": "registry.npmjs.org/babel-cli/6.26.0",
    "requester": "/Users/barbara/fitbit21/settingsTest",
    "status": "resolved"
  },
  "22 debug pnpm:progress": {
    "packageId": "registry.npmjs.org/babel-cli/6.26.0",
    "requester": "/Users/barbara/fitbit21/settingsTest",
    "status": "fetched"
  },
  "23 debug pnpm:fetching-progress": {
    "attempt": 1,
    "packageId": "registry.npmjs.org/@fitbit/sdk/5.0.2",
    "size": 36469,
    "status": "started"
  },
  "24 debug pnpm:progress": {
    "packageId": "registry.npmjs.org/@fitbit/sdk/5.0.2",
    "requester": "/Users/barbara/fitbit21/settingsTest",
    "status": "resolved"
  },
  "25 debug pnpm:progress": {
    "packageId": "registry.npmjs.org/@fitbit/sdk/5.0.2",
    "requester": "/Users/barbara/fitbit21/settingsTest",
    "status": "fetched"
  },
  "26 error pnpm": {
    "shortMessage": "Command failed with exit code 128: /usr/bin/git ls-remote git+ssh://git@github.com/Lfitbit/sdk.git HEAD",
    "command": "/usr/bin/git ls-remote git+ssh://git@github.com/Lfitbit/sdk.git HEAD",
    "escapedCommand": "\"/usr/bin/git\" ls-remote \"git+ssh://git@github.com/Lfitbit/sdk.git\" HEAD",
    "exitCode": 128,
    "stdout": "",
    "stderr": "git@github.com: Permission denied (publickey).\r\nfatal: Could not read from remote repository.\n\nPlease make sure you have the correct access rights\nand the repository exists.",
    "failed": true,
    "timedOut": false,
    "isCanceled": false,
    "killed": false,
    "pkgsStack": [],
    "err": {
      "name": "pnpm",
      "message": "Command failed with exit code 128: /usr/bin/git ls-remote git+ssh://git@github.com/Lfitbit/sdk.git HEAD\ngit@github.com: Permission denied (publickey).\r\nfatal: Could not read from remote repository.\n\nPlease make sure you have the correct access rights\nand the repository exists.",
      "stack": "pnpm: Command failed with exit code 128: /usr/bin/git ls-remote git+ssh://git@github.com/Lfitbit/sdk.git HEAD\ngit@github.com: Permission denied (publickey).\r\nfatal: Could not read from remote repository.\n\nPlease make sure you have the correct access rights\nand the repository exists.\n    at makeError (/Users/barbara/pnpm-global/5/node_modules/.pnpm/pnpm@6.15.1/node_modules/pnpm/dist/pnpm.cjs:48589:17)\n    at handlePromise (/Users/barbara/pnpm-global/5/node_modules/.pnpm/pnpm@6.15.1/node_modules/pnpm/dist/pnpm.cjs:49331:33)\n    at runMicrotasks (<anonymous>)\n    at processTicksAndRejections (internal/process/task_queues.js:95:5)\n    at async getRepoRefs (/Users/barbara/pnpm-global/5/node_modules/.pnpm/pnpm@6.15.1/node_modules/pnpm/dist/pnpm.cjs:84152:22)\n    at async resolveRef (/Users/barbara/pnpm-global/5/node_modules/.pnpm/pnpm@6.15.1/node_modules/pnpm/dist/pnpm.cjs:84164:20)\n    at async resolveGit (/Users/barbara/pnpm-global/5/node_modules/.pnpm/pnpm@6.15.1/node_modules/pnpm/dist/pnpm.cjs:84115:24)\n    at async Object.resolve (/Users/barbara/pnpm-global/5/node_modules/.pnpm/pnpm@6.15.1/node_modules/pnpm/dist/pnpm.cjs:85185:236)\n    at async run (/Users/barbara/pnpm-global/5/node_modules/.pnpm/pnpm@6.15.1/node_modules/pnpm/dist/pnpm.cjs:71133:23)"
    }
  }
}